<?xml version="1.0" encoding="UTF-8"?>
<!-- Generated by org.testng.reporters.JUnitReportReporter -->
<testsuite hostname="Mohmed-Adel" failures="0" tests="2" name="Tests.TC01_LoginTest" time="19.791" errors="0" timestamp="2025-07-09T08:18:04 EEST" skipped="0">
  <testcase classname="Tests.TC01_LoginTest" name="loginWithValidAdminCredentialsTC" time="10.575"/>
  <testcase classname="Tests.TC01_LoginTest" name="loginWithInvalidAdminCredentialsTC" time="9.216"/>
</testsuite> <!-- Tests.TC01_LoginTest -->
