<?xml version="1.0" encoding="UTF-8"?>
<!-- Generated by org.testng.reporters.JUnitReportReporter -->
<testsuite hostname="DESKTOP-S8RQRUM" failures="0" tests="2" name="Tests.TC01_LoginTest" time="29.099" errors="0" timestamp="2025-07-21T19:42:16 EEST" skipped="0">
  <testcase classname="Tests.TC01_LoginTest" name="loginWithValidAdminCredentialsTC" time="10.523"/>
  <testcase classname="Tests.TC01_LoginTest" name="loginWithValidAdminCredentialsTC" time="18.576"/>
</testsuite> <!-- Tests.TC01_LoginTest -->
