<?xml version="1.0" encoding="UTF-8"?>
<testsuite xmlns:xsi="http://www.w3.org/2001/XMLSchema-instance" xsi:noNamespaceSchemaLocation="https://maven.apache.org/surefire/maven-surefire-plugin/xsd/surefire-test-report.xsd" version="3.0.2" name="TestSuite" time="28.633" tests="2" errors="0" skipped="0" failures="0">
  <properties>
    <property name="appender.stdout.name" value="consoleAppender"/>
    <property name="java.specification.version" value="23"/>
    <property name="sun.cpu.isalist" value="amd64"/>
    <property name="appender.file.layout.disableAnsi" value="false"/>
    <property name="executionType" value="Local"/>
    <property name="sun.jnu.encoding" value="Cp1252"/>
    <property name="java.class.path" value="D:\PAIP\TestOutputs\target\test-classes;D:\PAIP\TestOutputs\target\classes;C:\Users\mohamed.adel.OFFICE\.m2\repository\org\seleniumhq\selenium\selenium-java\4.31.0\selenium-java-4.31.0.jar;C:\Users\mohamed.adel.OFFICE\.m2\repository\org\seleniumhq\selenium\selenium-api\4.31.0\selenium-api-4.31.0.jar;C:\Users\mohamed.adel.OFFICE\.m2\repository\org\jspecify\jspecify\1.0.0\jspecify-1.0.0.jar;C:\Users\mohamed.adel.OFFICE\.m2\repository\org\seleniumhq\selenium\selenium-chrome-driver\4.31.0\selenium-chrome-driver-4.31.0.jar;C:\Users\mohamed.adel.OFFICE\.m2\repository\com\google\auto\service\auto-service-annotations\1.1.1\auto-service-annotations-1.1.1.jar;C:\Users\mohamed.adel.OFFICE\.m2\repository\org\seleniumhq\selenium\selenium-chromium-driver\4.31.0\selenium-chromium-driver-4.31.0.jar;C:\Users\mohamed.adel.OFFICE\.m2\repository\org\seleniumhq\selenium\selenium-json\4.31.0\selenium-json-4.31.0.jar;C:\Users\mohamed.adel.OFFICE\.m2\repository\org\seleniumhq\selenium\selenium-manager\4.31.0\selenium-manager-4.31.0.jar;C:\Users\mohamed.adel.OFFICE\.m2\repository\org\seleniumhq\selenium\selenium-devtools-v133\4.31.0\selenium-devtools-v133-4.31.0.jar;C:\Users\mohamed.adel.OFFICE\.m2\repository\org\seleniumhq\selenium\selenium-devtools-v134\4.31.0\selenium-devtools-v134-4.31.0.jar;C:\Users\mohamed.adel.OFFICE\.m2\repository\org\seleniumhq\selenium\selenium-devtools-v135\4.31.0\selenium-devtools-v135-4.31.0.jar;C:\Users\mohamed.adel.OFFICE\.m2\repository\org\seleniumhq\selenium\selenium-edge-driver\4.31.0\selenium-edge-driver-4.31.0.jar;C:\Users\mohamed.adel.OFFICE\.m2\repository\org\seleniumhq\selenium\selenium-firefox-driver\4.31.0\selenium-firefox-driver-4.31.0.jar;C:\Users\mohamed.adel.OFFICE\.m2\repository\org\seleniumhq\selenium\selenium-http\4.31.0\selenium-http-4.31.0.jar;C:\Users\mohamed.adel.OFFICE\.m2\repository\org\seleniumhq\selenium\selenium-ie-driver\4.31.0\selenium-ie-driver-4.31.0.jar;C:\Users\mohamed.adel.OFFICE\.m2\repository\org\seleniumhq\selenium\selenium-remote-driver\4.31.0\selenium-remote-driver-4.31.0.jar;C:\Users\mohamed.adel.OFFICE\.m2\repository\com\google\guava\guava\33.4.6-jre\guava-33.4.6-jre.jar;C:\Users\mohamed.adel.OFFICE\.m2\repository\com\google\guava\failureaccess\1.0.3\failureaccess-1.0.3.jar;C:\Users\mohamed.adel.OFFICE\.m2\repository\com\google\guava\listenablefuture\9999.0-empty-to-avoid-conflict-with-guava\listenablefuture-9999.0-empty-to-avoid-conflict-with-guava.jar;C:\Users\mohamed.adel.OFFICE\.m2\repository\com\google\errorprone\error_prone_annotations\2.36.0\error_prone_annotations-2.36.0.jar;C:\Users\mohamed.adel.OFFICE\.m2\repository\com\google\j2objc\j2objc-annotations\3.0.0\j2objc-annotations-3.0.0.jar;C:\Users\mohamed.adel.OFFICE\.m2\repository\io\opentelemetry\opentelemetry-api\1.48.0\opentelemetry-api-1.48.0.jar;C:\Users\mohamed.adel.OFFICE\.m2\repository\io\opentelemetry\opentelemetry-context\1.48.0\opentelemetry-context-1.48.0.jar;C:\Users\mohamed.adel.OFFICE\.m2\repository\io\opentelemetry\opentelemetry-exporter-logging\1.48.0\opentelemetry-exporter-logging-1.48.0.jar;C:\Users\mohamed.adel.OFFICE\.m2\repository\io\opentelemetry\opentelemetry-sdk-common\1.48.0\opentelemetry-sdk-common-1.48.0.jar;C:\Users\mohamed.adel.OFFICE\.m2\repository\io\opentelemetry\opentelemetry-sdk-extension-autoconfigure-spi\1.48.0\opentelemetry-sdk-extension-autoconfigure-spi-1.48.0.jar;C:\Users\mohamed.adel.OFFICE\.m2\repository\io\opentelemetry\opentelemetry-sdk-extension-autoconfigure\1.48.0\opentelemetry-sdk-extension-autoconfigure-1.48.0.jar;C:\Users\mohamed.adel.OFFICE\.m2\repository\io\opentelemetry\opentelemetry-sdk-trace\1.48.0\opentelemetry-sdk-trace-1.48.0.jar;C:\Users\mohamed.adel.OFFICE\.m2\repository\io\opentelemetry\opentelemetry-sdk\1.48.0\opentelemetry-sdk-1.48.0.jar;C:\Users\mohamed.adel.OFFICE\.m2\repository\io\opentelemetry\opentelemetry-sdk-metrics\1.48.0\opentelemetry-sdk-metrics-1.48.0.jar;C:\Users\mohamed.adel.OFFICE\.m2\repository\io\opentelemetry\opentelemetry-sdk-logs\1.48.0\opentelemetry-sdk-logs-1.48.0.jar;C:\Users\mohamed.adel.OFFICE\.m2\repository\net\bytebuddy\byte-buddy\1.17.5\byte-buddy-1.17.5.jar;C:\Users\mohamed.adel.OFFICE\.m2\repository\org\seleniumhq\selenium\selenium-os\4.31.0\selenium-os-4.31.0.jar;C:\Users\mohamed.adel.OFFICE\.m2\repository\org\apache\commons\commons-exec\1.4.0\commons-exec-1.4.0.jar;C:\Users\mohamed.adel.OFFICE\.m2\repository\org\seleniumhq\selenium\selenium-safari-driver\4.31.0\selenium-safari-driver-4.31.0.jar;C:\Users\mohamed.adel.OFFICE\.m2\repository\org\seleniumhq\selenium\selenium-support\4.31.0\selenium-support-4.31.0.jar;C:\Users\mohamed.adel.OFFICE\.m2\repository\org\testng\testng\7.11.0\testng-7.11.0.jar;C:\Users\mohamed.adel.OFFICE\.m2\repository\org\slf4j\slf4j-api\2.0.16\slf4j-api-2.0.16.jar;C:\Users\mohamed.adel.OFFICE\.m2\repository\org\jcommander\jcommander\1.83\jcommander-1.83.jar;C:\Users\mohamed.adel.OFFICE\.m2\repository\org\webjars\jquery\3.7.1\jquery-3.7.1.jar;C:\Users\mohamed.adel.OFFICE\.m2\repository\org\apache\logging\log4j\log4j-slf4j2-impl\2.24.3\log4j-slf4j2-impl-2.24.3.jar;C:\Users\mohamed.adel.OFFICE\.m2\repository\org\apache\logging\log4j\log4j-core\2.24.3\log4j-core-2.24.3.jar;C:\Users\mohamed.adel.OFFICE\.m2\repository\org\apache\logging\log4j\log4j-api\2.24.3\log4j-api-2.24.3.jar;C:\Users\mohamed.adel.OFFICE\.m2\repository\org\aspectj\aspectjweaver\1.9.24\aspectjweaver-1.9.24.jar;C:\Users\mohamed.adel.OFFICE\.m2\repository\io\qameta\allure\allure-testng\2.29.1\allure-testng-2.29.1.jar;C:\Users\mohamed.adel.OFFICE\.m2\repository\io\qameta\allure\allure-java-commons\2.29.1\allure-java-commons-2.29.1.jar;C:\Users\mohamed.adel.OFFICE\.m2\repository\io\qameta\allure\allure-model\2.29.1\allure-model-2.29.1.jar;C:\Users\mohamed.adel.OFFICE\.m2\repository\io\qameta\allure\allure-test-filter\2.29.1\allure-test-filter-2.29.1.jar;C:\Users\mohamed.adel.OFFICE\.m2\repository\commons-io\commons-io\2.19.0\commons-io-2.19.0.jar;C:\Users\mohamed.adel.OFFICE\.m2\repository\com\jayway\jsonpath\json-path\2.9.0\json-path-2.9.0.jar;C:\Users\mohamed.adel.OFFICE\.m2\repository\net\minidev\json-smart\2.5.0\json-smart-2.5.0.jar;C:\Users\mohamed.adel.OFFICE\.m2\repository\net\minidev\accessors-smart\2.5.0\accessors-smart-2.5.0.jar;C:\Users\mohamed.adel.OFFICE\.m2\repository\org\ow2\asm\asm\9.3\asm-9.3.jar;C:\Users\mohamed.adel.OFFICE\.m2\repository\com\googlecode\json-simple\json-simple\1.1.1\json-simple-1.1.1.jar;C:\Users\mohamed.adel.OFFICE\.m2\repository\junit\junit\4.10\junit-4.10.jar;C:\Users\mohamed.adel.OFFICE\.m2\repository\org\hamcrest\hamcrest-core\1.1\hamcrest-core-1.1.jar;C:\Users\mohamed.adel.OFFICE\.m2\repository\com\github\stephenc\monte\monte-screen-recorder\0.7.7.0\monte-screen-recorder-0.7.7.0.jar;C:\Users\mohamed.adel.OFFICE\.m2\repository\com\github\javafaker\javafaker\1.0.2\javafaker-1.0.2.jar;C:\Users\mohamed.adel.OFFICE\.m2\repository\org\apache\commons\commons-lang3\3.5\commons-lang3-3.5.jar;C:\Users\mohamed.adel.OFFICE\.m2\repository\org\yaml\snakeyaml\1.23\snakeyaml-1.23-android.jar;C:\Users\mohamed.adel.OFFICE\.m2\repository\com\github\mifmif\generex\1.0.2\generex-1.0.2.jar;C:\Users\mohamed.adel.OFFICE\.m2\repository\dk\brics\automaton\automaton\1.11-8\automaton-1.11-8.jar;C:\Users\mohamed.adel.OFFICE\.m2\repository\org\apache\poi\poi\5.4.1\poi-5.4.1.jar;C:\Users\mohamed.adel.OFFICE\.m2\repository\commons-codec\commons-codec\1.18.0\commons-codec-1.18.0.jar;C:\Users\mohamed.adel.OFFICE\.m2\repository\org\apache\commons\commons-collections4\4.4\commons-collections4-4.4.jar;C:\Users\mohamed.adel.OFFICE\.m2\repository\org\apache\commons\commons-math3\3.6.1\commons-math3-3.6.1.jar;C:\Users\mohamed.adel.OFFICE\.m2\repository\com\zaxxer\SparseBitSet\1.3\SparseBitSet-1.3.jar;C:\Users\mohamed.adel.OFFICE\.m2\repository\org\apache\poi\poi-ooxml\5.4.1\poi-ooxml-5.4.1.jar;C:\Users\mohamed.adel.OFFICE\.m2\repository\org\apache\poi\poi-ooxml-lite\5.4.1\poi-ooxml-lite-5.4.1.jar;C:\Users\mohamed.adel.OFFICE\.m2\repository\org\apache\xmlbeans\xmlbeans\5.3.0\xmlbeans-5.3.0.jar;C:\Users\mohamed.adel.OFFICE\.m2\repository\org\apache\commons\commons-compress\1.27.1\commons-compress-1.27.1.jar;C:\Users\mohamed.adel.OFFICE\.m2\repository\com\github\virtuald\curvesapi\1.08\curvesapi-1.08.jar;C:\Users\mohamed.adel.OFFICE\.m2\repository\org\postgresql\postgresql\42.7.5\postgresql-42.7.5.jar;C:\Users\mohamed.adel.OFFICE\.m2\repository\org\checkerframework\checker-qual\3.48.3\checker-qual-3.48.3.jar;"/>
    <property name="java.vm.vendor" value="Oracle Corporation"/>
    <property name="sun.arch.data.model" value="64"/>
    <property name="appender.stdout.filter.threshold.level" value="debug"/>
    <property name="user.variant" value=""/>
    <property name="java.vendor.url" value="https://java.oracle.com/"/>
    <property name="user.timezone" value="Africa/Cairo"/>
    <property name="HomePageUrl" value="https://192.168.2.90/paip/admin/users"/>
    <property name="java.vm.specification.version" value="23"/>
    <property name="os.name" value="Windows 10"/>
    <property name="sun.java.launcher" value="SUN_STANDARD"/>
    <property name="user.country" value="US"/>
    <property name="sun.boot.library.path" value="C:\Program Files\Java\jdk-23\bin"/>
    <property name="sun.java.command" value="C:\Users\mohamed.adel.OFFICE\AppData\Local\Temp\surefire10462451467183927082\surefirebooter-20250709081739623_3.jar C:\Users\mohamed.adel.OFFICE\AppData\Local\Temp\surefire10462451467183927082 2025-07-09T08-17-39_406-jvmRun1 surefire-20250709081739623_1tmp surefire_0-20250709081739623_2tmp"/>
    <property name="jdk.debug" value="release"/>
    <property name="surefire.test.class.path" value="D:\PAIP\TestOutputs\target\test-classes;D:\PAIP\TestOutputs\target\classes;C:\Users\mohamed.adel.OFFICE\.m2\repository\org\seleniumhq\selenium\selenium-java\4.31.0\selenium-java-4.31.0.jar;C:\Users\mohamed.adel.OFFICE\.m2\repository\org\seleniumhq\selenium\selenium-api\4.31.0\selenium-api-4.31.0.jar;C:\Users\mohamed.adel.OFFICE\.m2\repository\org\jspecify\jspecify\1.0.0\jspecify-1.0.0.jar;C:\Users\mohamed.adel.OFFICE\.m2\repository\org\seleniumhq\selenium\selenium-chrome-driver\4.31.0\selenium-chrome-driver-4.31.0.jar;C:\Users\mohamed.adel.OFFICE\.m2\repository\com\google\auto\service\auto-service-annotations\1.1.1\auto-service-annotations-1.1.1.jar;C:\Users\mohamed.adel.OFFICE\.m2\repository\org\seleniumhq\selenium\selenium-chromium-driver\4.31.0\selenium-chromium-driver-4.31.0.jar;C:\Users\mohamed.adel.OFFICE\.m2\repository\org\seleniumhq\selenium\selenium-json\4.31.0\selenium-json-4.31.0.jar;C:\Users\mohamed.adel.OFFICE\.m2\repository\org\seleniumhq\selenium\selenium-manager\4.31.0\selenium-manager-4.31.0.jar;C:\Users\mohamed.adel.OFFICE\.m2\repository\org\seleniumhq\selenium\selenium-devtools-v133\4.31.0\selenium-devtools-v133-4.31.0.jar;C:\Users\mohamed.adel.OFFICE\.m2\repository\org\seleniumhq\selenium\selenium-devtools-v134\4.31.0\selenium-devtools-v134-4.31.0.jar;C:\Users\mohamed.adel.OFFICE\.m2\repository\org\seleniumhq\selenium\selenium-devtools-v135\4.31.0\selenium-devtools-v135-4.31.0.jar;C:\Users\mohamed.adel.OFFICE\.m2\repository\org\seleniumhq\selenium\selenium-edge-driver\4.31.0\selenium-edge-driver-4.31.0.jar;C:\Users\mohamed.adel.OFFICE\.m2\repository\org\seleniumhq\selenium\selenium-firefox-driver\4.31.0\selenium-firefox-driver-4.31.0.jar;C:\Users\mohamed.adel.OFFICE\.m2\repository\org\seleniumhq\selenium\selenium-http\4.31.0\selenium-http-4.31.0.jar;C:\Users\mohamed.adel.OFFICE\.m2\repository\org\seleniumhq\selenium\selenium-ie-driver\4.31.0\selenium-ie-driver-4.31.0.jar;C:\Users\mohamed.adel.OFFICE\.m2\repository\org\seleniumhq\selenium\selenium-remote-driver\4.31.0\selenium-remote-driver-4.31.0.jar;C:\Users\mohamed.adel.OFFICE\.m2\repository\com\google\guava\guava\33.4.6-jre\guava-33.4.6-jre.jar;C:\Users\mohamed.adel.OFFICE\.m2\repository\com\google\guava\failureaccess\1.0.3\failureaccess-1.0.3.jar;C:\Users\mohamed.adel.OFFICE\.m2\repository\com\google\guava\listenablefuture\9999.0-empty-to-avoid-conflict-with-guava\listenablefuture-9999.0-empty-to-avoid-conflict-with-guava.jar;C:\Users\mohamed.adel.OFFICE\.m2\repository\com\google\errorprone\error_prone_annotations\2.36.0\error_prone_annotations-2.36.0.jar;C:\Users\mohamed.adel.OFFICE\.m2\repository\com\google\j2objc\j2objc-annotations\3.0.0\j2objc-annotations-3.0.0.jar;C:\Users\mohamed.adel.OFFICE\.m2\repository\io\opentelemetry\opentelemetry-api\1.48.0\opentelemetry-api-1.48.0.jar;C:\Users\mohamed.adel.OFFICE\.m2\repository\io\opentelemetry\opentelemetry-context\1.48.0\opentelemetry-context-1.48.0.jar;C:\Users\mohamed.adel.OFFICE\.m2\repository\io\opentelemetry\opentelemetry-exporter-logging\1.48.0\opentelemetry-exporter-logging-1.48.0.jar;C:\Users\mohamed.adel.OFFICE\.m2\repository\io\opentelemetry\opentelemetry-sdk-common\1.48.0\opentelemetry-sdk-common-1.48.0.jar;C:\Users\mohamed.adel.OFFICE\.m2\repository\io\opentelemetry\opentelemetry-sdk-extension-autoconfigure-spi\1.48.0\opentelemetry-sdk-extension-autoconfigure-spi-1.48.0.jar;C:\Users\mohamed.adel.OFFICE\.m2\repository\io\opentelemetry\opentelemetry-sdk-extension-autoconfigure\1.48.0\opentelemetry-sdk-extension-autoconfigure-1.48.0.jar;C:\Users\mohamed.adel.OFFICE\.m2\repository\io\opentelemetry\opentelemetry-sdk-trace\1.48.0\opentelemetry-sdk-trace-1.48.0.jar;C:\Users\mohamed.adel.OFFICE\.m2\repository\io\opentelemetry\opentelemetry-sdk\1.48.0\opentelemetry-sdk-1.48.0.jar;C:\Users\mohamed.adel.OFFICE\.m2\repository\io\opentelemetry\opentelemetry-sdk-metrics\1.48.0\opentelemetry-sdk-metrics-1.48.0.jar;C:\Users\mohamed.adel.OFFICE\.m2\repository\io\opentelemetry\opentelemetry-sdk-logs\1.48.0\opentelemetry-sdk-logs-1.48.0.jar;C:\Users\mohamed.adel.OFFICE\.m2\repository\net\bytebuddy\byte-buddy\1.17.5\byte-buddy-1.17.5.jar;C:\Users\mohamed.adel.OFFICE\.m2\repository\org\seleniumhq\selenium\selenium-os\4.31.0\selenium-os-4.31.0.jar;C:\Users\mohamed.adel.OFFICE\.m2\repository\org\apache\commons\commons-exec\1.4.0\commons-exec-1.4.0.jar;C:\Users\mohamed.adel.OFFICE\.m2\repository\org\seleniumhq\selenium\selenium-safari-driver\4.31.0\selenium-safari-driver-4.31.0.jar;C:\Users\mohamed.adel.OFFICE\.m2\repository\org\seleniumhq\selenium\selenium-support\4.31.0\selenium-support-4.31.0.jar;C:\Users\mohamed.adel.OFFICE\.m2\repository\org\testng\testng\7.11.0\testng-7.11.0.jar;C:\Users\mohamed.adel.OFFICE\.m2\repository\org\slf4j\slf4j-api\2.0.16\slf4j-api-2.0.16.jar;C:\Users\mohamed.adel.OFFICE\.m2\repository\org\jcommander\jcommander\1.83\jcommander-1.83.jar;C:\Users\mohamed.adel.OFFICE\.m2\repository\org\webjars\jquery\3.7.1\jquery-3.7.1.jar;C:\Users\mohamed.adel.OFFICE\.m2\repository\org\apache\logging\log4j\log4j-slf4j2-impl\2.24.3\log4j-slf4j2-impl-2.24.3.jar;C:\Users\mohamed.adel.OFFICE\.m2\repository\org\apache\logging\log4j\log4j-core\2.24.3\log4j-core-2.24.3.jar;C:\Users\mohamed.adel.OFFICE\.m2\repository\org\apache\logging\log4j\log4j-api\2.24.3\log4j-api-2.24.3.jar;C:\Users\mohamed.adel.OFFICE\.m2\repository\org\aspectj\aspectjweaver\1.9.24\aspectjweaver-1.9.24.jar;C:\Users\mohamed.adel.OFFICE\.m2\repository\io\qameta\allure\allure-testng\2.29.1\allure-testng-2.29.1.jar;C:\Users\mohamed.adel.OFFICE\.m2\repository\io\qameta\allure\allure-java-commons\2.29.1\allure-java-commons-2.29.1.jar;C:\Users\mohamed.adel.OFFICE\.m2\repository\io\qameta\allure\allure-model\2.29.1\allure-model-2.29.1.jar;C:\Users\mohamed.adel.OFFICE\.m2\repository\io\qameta\allure\allure-test-filter\2.29.1\allure-test-filter-2.29.1.jar;C:\Users\mohamed.adel.OFFICE\.m2\repository\commons-io\commons-io\2.19.0\commons-io-2.19.0.jar;C:\Users\mohamed.adel.OFFICE\.m2\repository\com\jayway\jsonpath\json-path\2.9.0\json-path-2.9.0.jar;C:\Users\mohamed.adel.OFFICE\.m2\repository\net\minidev\json-smart\2.5.0\json-smart-2.5.0.jar;C:\Users\mohamed.adel.OFFICE\.m2\repository\net\minidev\accessors-smart\2.5.0\accessors-smart-2.5.0.jar;C:\Users\mohamed.adel.OFFICE\.m2\repository\org\ow2\asm\asm\9.3\asm-9.3.jar;C:\Users\mohamed.adel.OFFICE\.m2\repository\com\googlecode\json-simple\json-simple\1.1.1\json-simple-1.1.1.jar;C:\Users\mohamed.adel.OFFICE\.m2\repository\junit\junit\4.10\junit-4.10.jar;C:\Users\mohamed.adel.OFFICE\.m2\repository\org\hamcrest\hamcrest-core\1.1\hamcrest-core-1.1.jar;C:\Users\mohamed.adel.OFFICE\.m2\repository\com\github\stephenc\monte\monte-screen-recorder\0.7.7.0\monte-screen-recorder-0.7.7.0.jar;C:\Users\mohamed.adel.OFFICE\.m2\repository\com\github\javafaker\javafaker\1.0.2\javafaker-1.0.2.jar;C:\Users\mohamed.adel.OFFICE\.m2\repository\org\apache\commons\commons-lang3\3.5\commons-lang3-3.5.jar;C:\Users\mohamed.adel.OFFICE\.m2\repository\org\yaml\snakeyaml\1.23\snakeyaml-1.23-android.jar;C:\Users\mohamed.adel.OFFICE\.m2\repository\com\github\mifmif\generex\1.0.2\generex-1.0.2.jar;C:\Users\mohamed.adel.OFFICE\.m2\repository\dk\brics\automaton\automaton\1.11-8\automaton-1.11-8.jar;C:\Users\mohamed.adel.OFFICE\.m2\repository\org\apache\poi\poi\5.4.1\poi-5.4.1.jar;C:\Users\mohamed.adel.OFFICE\.m2\repository\commons-codec\commons-codec\1.18.0\commons-codec-1.18.0.jar;C:\Users\mohamed.adel.OFFICE\.m2\repository\org\apache\commons\commons-collections4\4.4\commons-collections4-4.4.jar;C:\Users\mohamed.adel.OFFICE\.m2\repository\org\apache\commons\commons-math3\3.6.1\commons-math3-3.6.1.jar;C:\Users\mohamed.adel.OFFICE\.m2\repository\com\zaxxer\SparseBitSet\1.3\SparseBitSet-1.3.jar;C:\Users\mohamed.adel.OFFICE\.m2\repository\org\apache\poi\poi-ooxml\5.4.1\poi-ooxml-5.4.1.jar;C:\Users\mohamed.adel.OFFICE\.m2\repository\org\apache\poi\poi-ooxml-lite\5.4.1\poi-ooxml-lite-5.4.1.jar;C:\Users\mohamed.adel.OFFICE\.m2\repository\org\apache\xmlbeans\xmlbeans\5.3.0\xmlbeans-5.3.0.jar;C:\Users\mohamed.adel.OFFICE\.m2\repository\org\apache\commons\commons-compress\1.27.1\commons-compress-1.27.1.jar;C:\Users\mohamed.adel.OFFICE\.m2\repository\com\github\virtuald\curvesapi\1.08\curvesapi-1.08.jar;C:\Users\mohamed.adel.OFFICE\.m2\repository\org\postgresql\postgresql\42.7.5\postgresql-42.7.5.jar;C:\Users\mohamed.adel.OFFICE\.m2\repository\org\checkerframework\checker-qual\3.48.3\checker-qual-3.48.3.jar;"/>
    <property name="allure.results.directory" value="TestOutputs/allure-results"/>
    <property name="sun.cpu.endian" value="little"/>
    <property name="user.home" value="C:\Users\mohamed.adel.OFFICE"/>
    <property name="user.language" value="en"/>
    <property name="java.specification.vendor" value="Oracle Corporation"/>
    <property name="java.version.date" value="2025-01-21"/>
    <property name="java.home" value="C:\Program Files\Java\jdk-23"/>
    <property name="explicitWait" value="5"/>
    <property name="basedir" value="D:\PAIP"/>
    <property name="file.separator" value="\"/>
    <property name="java.vm.compressedOopsMode" value="Zero based"/>
    <property name="openAllureReportAutomatically" value="false"/>
    <property name="rootLogger.level" value="debug"/>
    <property name="line.separator" value="&#10;"/>
    <property name="java.vm.specification.vendor" value="Oracle Corporation"/>
    <property name="java.specification.name" value="Java Platform API Specification"/>
    <property name="appender.file.layout.pattern" value="[%p] - [%d{dd-MM-yyyy HH:mm:ss}] [%t] [%c] - %msg%n"/>
    <property name="appender.file.name" value="fileAppender"/>
    <property name="surefire.real.class.path" value="C:\Users\mohamed.adel.OFFICE\AppData\Local\Temp\surefire10462451467183927082\surefirebooter-20250709081739623_3.jar"/>
    <property name="screenRecord" value="false"/>
    <property name="rootLogger" value="debug, consoleAppender, fileAppender"/>
    <property name="user.script" value=""/>
    <property name="appender.file.layout.type" value="PatternLayout"/>
    <property name="sun.management.compiler" value="HotSpot 64-Bit Tiered Compilers"/>
    <property name="java.runtime.version" value="23.0.2+7-58"/>
    <property name="appender.file.fileName" value="${basePath}/log_${date:yyyy-MM-dd_HH-mm-ss}.log"/>
    <property name="user.name" value="mohamed.adel"/>
    <property name="stdout.encoding" value="Cp1252"/>
    <property name="path.separator" value=";"/>
    <property name="property.basePath" value="TestOutputs/Logs"/>
    <property name="LoginPageUrl" value="https://192.168.2.90/paip/login"/>
    <property name="os.version" value="10.0"/>
    <property name="java.runtime.name" value="Java(TM) SE Runtime Environment"/>
    <property name="appender.stdout.filter.threshold.type" value="ThresholdFilter"/>
    <property name="file.encoding" value="UTF-8"/>
    <property name="browser" value="Chrome"/>
    <property name="java.vm.name" value="Java HotSpot(TM) 64-Bit Server VM"/>
    <property name="appender.file.filter.threshold.type" value="ThresholdFilter"/>
    <property name="localRepository" value="C:\Users\mohamed.adel.OFFICE\.m2\repository"/>
    <property name="java.vendor.url.bug" value="https://bugreport.java.com/bugreport/"/>
    <property name="java.io.tmpdir" value="C:\Users\MOHAME~1.OFF\AppData\Local\Temp\"/>
    <property name="java.version" value="23.0.2"/>
    <property name="user.dir" value="D:\PAIP"/>
    <property name="os.arch" value="amd64"/>
    <property name="java.vm.specification.name" value="Java Virtual Machine Specification"/>
    <property name="appender.file.type" value="File"/>
    <property name="appender.stdout.layout.disableAnsi" value="false"/>
    <property name="sun.os.patch.level" value=""/>
    <property name="appender.stdout.layout.pattern" value="%highlight{[%p] - [%d{dd-MM-yyyy HH:mm:ss}] [%t] [%c] - %msg}{FATAL=red, ERROR=red bold, WARN=yellow bold, INFO=blue, DEBUG=green bold, TRACE=black}%n"/>
    <property name="appender.file.filter.threshold.level" value="debug"/>
    <property name="native.encoding" value="Cp1252"/>
    <property name="appender.stdout.type" value="Console"/>
    <property name="java.library.path" value="C:\Program Files\Java\jdk-23\bin;C:\Windows\Sun\Java\bin;C:\Windows\system32;C:\Windows;C:\Program Files\Common Files\Oracle\Java\javapath;C:\Windows\system32;C:\Windows;C:\Windows\System32\Wbem;C:\Windows\System32\WindowsPowerShell\v1.0\;C:\Windows\System32\OpenSSH\;C:\Automation\jdk-23.0.2\bin;C:\Program Files\dotnet\;C:\Program Files\Git\cmd;C:\Users\mohamed.adel\AppData\Roaming\Microsoft\Windows\Start Menu\Programs\Python 3.13;C:\Automation\apache-maven-3.9.9\bin;C:\Program Files\nodejs\;C:\Users\mohamed.adel.OFFICE\scoop\shims;C:\Users\mohamed.adel.OFFICE\AppData\Local\Microsoft\WindowsApps;C:\Users\mohamed.adel.OFFICE\AppData\Local\Programs\cursor\resources\app\bin;C:\Users\mohamed.adel.OFFICE\AppData\Local\Programs\Microsoft VS Code\bin;C:\Users\mohamed.adel.OFFICE\AppData\Roaming\npm;."/>
    <property name="stderr.encoding" value="Cp1252"/>
    <property name="java.vendor" value="Oracle Corporation"/>
    <property name="java.vm.info" value="mixed mode, sharing"/>
    <property name="java.vm.version" value="23.0.2+7-58"/>
    <property name="appender.stdout.layout.type" value="PatternLayout"/>
    <property name="sun.io.unicode.encoding" value="UnicodeLittle"/>
    <property name="java.class.version" value="67.0"/>
  </properties>
  <testcase name="loginWithInvalidAdminCredentialsTC" classname="Tests.TC01_LoginTest" time="7.953">
    <system-out><![CDATA[&amp#27;[32;1m[DEBUG] - [09-07-2025 08:17:42] [main] [org.testng.TestNG] - suiteXmlPath: "D:\PAIP\TestRunners\LoginPageRunner.xml"&amp#27;[m
&amp#27;[34m[INFO] - [09-07-2025 08:17:43] [main] [Listeners.TestNGListeners] - Test execution started&amp#27;[m
&amp#27;[34m[INFO] - [09-07-2025 08:17:43] [main] [Utilities.PropertiesUtils] - Properties file loaded successfully&amp#27;[m
&amp#27;[34m[INFO] - [09-07-2025 08:17:43] [main] [Utilities.PropertiesUtils] - Properties file loaded successfully&amp#27;[m
&amp#27;[34m[INFO] - [09-07-2025 08:17:43] [main] [Utilities.PropertiesUtils] - Properties file loaded successfully&amp#27;[m
&amp#27;[34m[INFO] - [09-07-2025 08:17:43] [main] [Utilities.PropertiesUtils] - Properties file loaded successfully&amp#27;[m
&amp#27;[34m[INFO] - [09-07-2025 08:17:43] [main] [Utilities.PropertiesUtils] - Properties file loaded successfully&amp#27;[m
&amp#27;[34m[INFO] - [09-07-2025 08:17:43] [main] [Utilities.PropertiesUtils] - Properties file loaded successfully&amp#27;[m
&amp#27;[34m[INFO] - [09-07-2025 08:17:43] [main] [Utilities.PropertiesUtils] - Loading properties file data&amp#27;[m
&amp#27;[34m[INFO] - [09-07-2025 08:17:43] [main] [Utilities.FilesUtils] - Directory already exists: TestOutputs\allure-results&amp#27;[m
&amp#27;[34m[INFO] - [09-07-2025 08:17:43] [main] [Utilities.FilesUtils] - Directory already exists: TestOutputs\allure-report&amp#27;[m
&amp#27;[34m[INFO] - [09-07-2025 08:17:43] [main] [Utilities.FilesUtils] - Directory already exists: TestOutputs\Logs&amp#27;[m
&amp#27;[34m[INFO] - [09-07-2025 08:17:43] [main] [Utilities.FilesUtils] - Directory created: TestOutputs\Screenshots&amp#27;[m
&amp#27;[34m[INFO] - [09-07-2025 08:17:43] [main] [Utilities.FilesUtils] - Directory created: TestOutputs\ScreenRecordings&amp#27;[m
&amp#27;[34m[INFO] - [09-07-2025 08:17:43] [main] [Utilities.AllureUtils] - Log file attached to Allure report: TestOutputs\Logs\log_2025-07-09_08-17-42.log&amp#27;[m
&amp#27;[34m[INFO] - [09-07-2025 08:17:45] [main] [Utilities.AllureUtils] - Log file attached to Allure report: TestOutputs\Logs\log_2025-07-09_08-17-42.log&amp#27;[m
&amp#27;[34m[INFO] - [09-07-2025 08:17:46] [main] [Pages.P01_LoginPage] - Navigating to login page&amp#27;[m
&amp#27;[34m[INFO] - [09-07-2025 08:17:46] [main] [Utilities.BrowserUtils] - Navigating to URL: https://192.168.2.90/paip/login&amp#27;[m
&amp#27;[32;1m[DEBUG] - [09-07-2025 08:17:47] [main] [com.jayway.jsonpath.internal.path.CompiledPath] - Evaluating path: $['invalidLoginCredentials']['powerAdminUsername']&amp#27;[m
&amp#27;[34m[INFO] - [09-07-2025 08:17:47] [main] [Pages.P01_LoginPage] - Entering username&amp#27;[m
&amp#27;[34m[INFO] - [09-07-2025 08:17:47] [main] [Utilities.ElementUtils] - Sending Test to element: By.cssSelector: [formcontrolname="username"]&amp#27;[m
&amp#27;[34m[INFO] - [09-07-2025 08:17:47] [main] [Utilities.WaitUtils] - Waiting for element to be visible with locator: By.cssSelector: [formcontrolname="username"]&amp#27;[m
&amp#27;[34m[INFO] - [09-07-2025 08:17:47] [main] [Utilities.WaitUtils] - Waiting for element to be present with locator: By.cssSelector: [formcontrolname="username"]&amp#27;[m
&amp#27;[34m[INFO] - [09-07-2025 08:17:47] [main] [Utilities.ElementUtils] - Scrolling to element with locator: By.cssSelector: [formcontrolname="username"]&amp#27;[m
&amp#27;[34m[INFO] - [09-07-2025 08:17:47] [main] [Utilities.ElementUtils] - Finding element with locator: By.cssSelector: [formcontrolname="username"]&amp#27;[m
&amp#27;[34m[INFO] - [09-07-2025 08:17:47] [main] [Utilities.ElementUtils] - Finding element with locator: By.cssSelector: [formcontrolname="username"]&amp#27;[m
&amp#27;[32;1m[DEBUG] - [09-07-2025 08:17:47] [main] [com.jayway.jsonpath.internal.path.CompiledPath] - Evaluating path: $['invalidLoginCredentials']['password']&amp#27;[m
&amp#27;[34m[INFO] - [09-07-2025 08:17:47] [main] [Pages.P01_LoginPage] - Entering password&amp#27;[m
&amp#27;[34m[INFO] - [09-07-2025 08:17:47] [main] [Utilities.ElementUtils] - Sending Test to element: By.cssSelector: [formcontrolname="password"]&amp#27;[m
&amp#27;[34m[INFO] - [09-07-2025 08:17:47] [main] [Utilities.WaitUtils] - Waiting for element to be visible with locator: By.cssSelector: [formcontrolname="password"]&amp#27;[m
&amp#27;[34m[INFO] - [09-07-2025 08:17:47] [main] [Utilities.WaitUtils] - Waiting for element to be present with locator: By.cssSelector: [formcontrolname="password"]&amp#27;[m
&amp#27;[34m[INFO] - [09-07-2025 08:17:48] [main] [Utilities.ElementUtils] - Scrolling to element with locator: By.cssSelector: [formcontrolname="password"]&amp#27;[m
&amp#27;[34m[INFO] - [09-07-2025 08:17:48] [main] [Utilities.ElementUtils] - Finding element with locator: By.cssSelector: [formcontrolname="password"]&amp#27;[m
&amp#27;[34m[INFO] - [09-07-2025 08:17:48] [main] [Utilities.ElementUtils] - Finding element with locator: By.cssSelector: [formcontrolname="password"]&amp#27;[m
&amp#27;[34m[INFO] - [09-07-2025 08:17:48] [main] [Pages.P01_LoginPage] - Clicking login button&amp#27;[m
&amp#27;[34m[INFO] - [09-07-2025 08:17:48] [main] [Utilities.ElementUtils] - Clicking on element: By.id: btnlogin&amp#27;[m
&amp#27;[34m[INFO] - [09-07-2025 08:17:48] [main] [Utilities.WaitUtils] - Waiting for element to be clickable with locator: By.id: btnlogin&amp#27;[m
&amp#27;[34m[INFO] - [09-07-2025 08:17:48] [main] [Utilities.WaitUtils] - Waiting for element to be visible with locator: By.id: btnlogin&amp#27;[m
&amp#27;[34m[INFO] - [09-07-2025 08:17:48] [main] [Utilities.WaitUtils] - Waiting for element to be present with locator: By.id: btnlogin&amp#27;[m
&amp#27;[34m[INFO] - [09-07-2025 08:17:48] [main] [Utilities.ElementUtils] - Scrolling to element with locator: By.id: btnlogin&amp#27;[m
&amp#27;[34m[INFO] - [09-07-2025 08:17:48] [main] [Utilities.ElementUtils] - Finding element with locator: By.id: btnlogin&amp#27;[m
&amp#27;[34m[INFO] - [09-07-2025 08:17:48] [main] [Utilities.ElementUtils] - Finding element with locator: By.id: btnlogin&amp#27;[m
&amp#27;[34m[INFO] - [09-07-2025 08:17:48] [main] [Utilities.ElementUtils] - Clicking on element: By.cssSelector: [title="Continue"]&amp#27;[m
&amp#27;[34m[INFO] - [09-07-2025 08:17:48] [main] [Utilities.WaitUtils] - Waiting for element to be clickable with locator: By.cssSelector: [title="Continue"]&amp#27;[m
&amp#27;[34m[INFO] - [09-07-2025 08:17:48] [main] [Utilities.WaitUtils] - Waiting for element to be visible with locator: By.cssSelector: [title="Continue"]&amp#27;[m
&amp#27;[34m[INFO] - [09-07-2025 08:17:48] [main] [Utilities.WaitUtils] - Waiting for element to be present with locator: By.cssSelector: [title="Continue"]&amp#27;[m
&amp#27;[34m[INFO] - [09-07-2025 08:17:53] [main] [Pages.P01_LoginPage] - No session to terminate&amp#27;[m
&amp#27;[34m[INFO] - [09-07-2025 08:17:53] [main] [Pages.P01_LoginPage] - Asserting login with invalid credentials&amp#27;[m
&amp#27;[34m[INFO] - [09-07-2025 08:17:53] [main] [Utilities.ElementUtils] - Verifying Visibility of Element: By.className: invalid-msg&amp#27;[m
&amp#27;[34m[INFO] - [09-07-2025 08:17:53] [main] [Utilities.WaitUtils] - Waiting for element to be visible with locator: By.className: invalid-msg&amp#27;[m
&amp#27;[34m[INFO] - [09-07-2025 08:17:53] [main] [Utilities.WaitUtils] - Waiting for element to be present with locator: By.className: invalid-msg&amp#27;[m
&amp#27;[34m[INFO] - [09-07-2025 08:17:53] [main] [Utilities.ElementUtils] - Scrolling to element with locator: By.className: invalid-msg&amp#27;[m
&amp#27;[34m[INFO] - [09-07-2025 08:17:53] [main] [Utilities.ElementUtils] - Finding element with locator: By.className: invalid-msg&amp#27;[m
&amp#27;[34m[INFO] - [09-07-2025 08:17:53] [main] [Utilities.ElementUtils] - Finding element with locator: By.className: invalid-msg&amp#27;[m
&amp#27;[34m[INFO] - [09-07-2025 08:17:53] [main] [Utilities.SoftAssertUtils] - Asserting true&amp#27;[m
&amp#27;[34m[INFO] - [09-07-2025 08:17:53] [main] [Utilities.ScreenRecorderUtils] - Recording stopped&amp#27;[m
&amp#27;[31;1m[ERROR] - [09-07-2025 08:17:53] [main] [Utilities.ScreenRecorderUtils] - Error stopping screen recording: Cannot invoke "org.monte.screenrecorder.ScreenRecorder.stop()" because "Utilities.ScreenRecorderUtils.screenRecorder" is null&amp#27;[m
&amp#27;[34m[INFO] - [09-07-2025 08:17:53] [main] [Utilities.ScreenshotsUtils] - Screenshot taken: TestOutputs\Screenshots\passed-loginWithInvalidAdminCredentialsTC-2025-07-09_08-17-53.png&amp#27;[m
&amp#27;[34m[INFO] - [09-07-2025 08:17:53] [main] [Utilities.AllureUtils] - Screenshot attached to Allure report: TestOutputs\Screenshots\passed-loginWithInvalidAdminCredentialsTC-2025-07-09_08-17-53.png&amp#27;[m
&amp#27;[34m[INFO] - [09-07-2025 08:17:53] [main] [Utilities.AllureUtils] - Log file attached to Allure report: TestOutputs\Logs\log_2025-07-09_08-17-42.log&amp#27;[m
]]></system-out>
    <system-err><![CDATA[Jul 09, 2025 8:17:45 AM org.openqa.selenium.devtools.CdpVersionFinder findNearestMatch
WARNING: Unable to find an exact match for CDP version 138, returning the closest version; found: 135; Please update to a Selenium version that supports CDP version 138
]]></system-err>
  </testcase>
  <testcase name="loginWithValidAdminCredentialsTC" classname="Tests.TC01_LoginTest" time="8.27">
    <system-out><![CDATA[&amp#27;[34m[INFO] - [09-07-2025 08:17:53] [main] [Listeners.TestNGListeners] - Test loginWithInvalidAdminCredentialsTC passed&amp#27;[m
&amp#27;[34m[INFO] - [09-07-2025 08:17:53] [main] [Utilities.BrowserUtils] - Quitting the browser&amp#27;[m
&amp#27;[34m[INFO] - [09-07-2025 08:17:54] [main] [Factories.DriverFactory] - Removing driver&amp#27;[m
&amp#27;[34m[INFO] - [09-07-2025 08:17:54] [main] [Utilities.AllureUtils] - Log file attached to Allure report: TestOutputs\Logs\log_2025-07-09_08-17-42.log&amp#27;[m
&amp#27;[34m[INFO] - [09-07-2025 08:17:55] [main] [Utilities.AllureUtils] - Log file attached to Allure report: TestOutputs\Logs\log_2025-07-09_08-17-42.log&amp#27;[m
&amp#27;[34m[INFO] - [09-07-2025 08:17:55] [main] [Pages.P01_LoginPage] - Navigating to login page&amp#27;[m
&amp#27;[34m[INFO] - [09-07-2025 08:17:55] [main] [Utilities.BrowserUtils] - Navigating to URL: https://192.168.2.90/paip/login&amp#27;[m
&amp#27;[32;1m[DEBUG] - [09-07-2025 08:17:55] [main] [com.jayway.jsonpath.internal.path.CompiledPath] - Evaluating path: $['validLoginCredentials']['powerAdminUsername']&amp#27;[m
&amp#27;[34m[INFO] - [09-07-2025 08:17:55] [main] [Pages.P01_LoginPage] - Entering username&amp#27;[m
&amp#27;[34m[INFO] - [09-07-2025 08:17:55] [main] [Utilities.ElementUtils] - Sending AutomationPowerAdmin@mail.com to element: By.cssSelector: [formcontrolname="username"]&amp#27;[m
&amp#27;[34m[INFO] - [09-07-2025 08:17:55] [main] [Utilities.WaitUtils] - Waiting for element to be visible with locator: By.cssSelector: [formcontrolname="username"]&amp#27;[m
&amp#27;[34m[INFO] - [09-07-2025 08:17:55] [main] [Utilities.WaitUtils] - Waiting for element to be present with locator: By.cssSelector: [formcontrolname="username"]&amp#27;[m
&amp#27;[34m[INFO] - [09-07-2025 08:17:56] [main] [Utilities.ElementUtils] - Scrolling to element with locator: By.cssSelector: [formcontrolname="username"]&amp#27;[m
&amp#27;[34m[INFO] - [09-07-2025 08:17:56] [main] [Utilities.ElementUtils] - Finding element with locator: By.cssSelector: [formcontrolname="username"]&amp#27;[m
&amp#27;[34m[INFO] - [09-07-2025 08:17:56] [main] [Utilities.ElementUtils] - Finding element with locator: By.cssSelector: [formcontrolname="username"]&amp#27;[m
&amp#27;[32;1m[DEBUG] - [09-07-2025 08:17:57] [main] [com.jayway.jsonpath.internal.path.CompiledPath] - Evaluating path: $['validLoginCredentials']['password']&amp#27;[m
&amp#27;[34m[INFO] - [09-07-2025 08:17:57] [main] [Pages.P01_LoginPage] - Entering password&amp#27;[m
&amp#27;[34m[INFO] - [09-07-2025 08:17:57] [main] [Utilities.ElementUtils] - Sending Automation1# to element: By.cssSelector: [formcontrolname="password"]&amp#27;[m
&amp#27;[34m[INFO] - [09-07-2025 08:17:57] [main] [Utilities.WaitUtils] - Waiting for element to be visible with locator: By.cssSelector: [formcontrolname="password"]&amp#27;[m
&amp#27;[34m[INFO] - [09-07-2025 08:17:57] [main] [Utilities.WaitUtils] - Waiting for element to be present with locator: By.cssSelector: [formcontrolname="password"]&amp#27;[m
&amp#27;[34m[INFO] - [09-07-2025 08:17:57] [main] [Utilities.ElementUtils] - Scrolling to element with locator: By.cssSelector: [formcontrolname="password"]&amp#27;[m
&amp#27;[34m[INFO] - [09-07-2025 08:17:57] [main] [Utilities.ElementUtils] - Finding element with locator: By.cssSelector: [formcontrolname="password"]&amp#27;[m
&amp#27;[34m[INFO] - [09-07-2025 08:17:57] [main] [Utilities.ElementUtils] - Finding element with locator: By.cssSelector: [formcontrolname="password"]&amp#27;[m
&amp#27;[34m[INFO] - [09-07-2025 08:17:58] [main] [Pages.P01_LoginPage] - Clicking login button&amp#27;[m
&amp#27;[34m[INFO] - [09-07-2025 08:17:58] [main] [Utilities.ElementUtils] - Clicking on element: By.id: btnlogin&amp#27;[m
&amp#27;[34m[INFO] - [09-07-2025 08:17:58] [main] [Utilities.WaitUtils] - Waiting for element to be clickable with locator: By.id: btnlogin&amp#27;[m
&amp#27;[34m[INFO] - [09-07-2025 08:17:58] [main] [Utilities.WaitUtils] - Waiting for element to be visible with locator: By.id: btnlogin&amp#27;[m
&amp#27;[34m[INFO] - [09-07-2025 08:17:58] [main] [Utilities.WaitUtils] - Waiting for element to be present with locator: By.id: btnlogin&amp#27;[m
&amp#27;[34m[INFO] - [09-07-2025 08:17:58] [main] [Utilities.ElementUtils] - Scrolling to element with locator: By.id: btnlogin&amp#27;[m
&amp#27;[34m[INFO] - [09-07-2025 08:17:58] [main] [Utilities.ElementUtils] - Finding element with locator: By.id: btnlogin&amp#27;[m
&amp#27;[34m[INFO] - [09-07-2025 08:17:58] [main] [Utilities.ElementUtils] - Finding element with locator: By.id: btnlogin&amp#27;[m
&amp#27;[34m[INFO] - [09-07-2025 08:17:58] [main] [Utilities.ElementUtils] - Clicking on element: By.cssSelector: [title="Continue"]&amp#27;[m
&amp#27;[34m[INFO] - [09-07-2025 08:17:58] [main] [Utilities.WaitUtils] - Waiting for element to be clickable with locator: By.cssSelector: [title="Continue"]&amp#27;[m
&amp#27;[34m[INFO] - [09-07-2025 08:17:58] [main] [Utilities.WaitUtils] - Waiting for element to be visible with locator: By.cssSelector: [title="Continue"]&amp#27;[m
&amp#27;[34m[INFO] - [09-07-2025 08:17:58] [main] [Utilities.WaitUtils] - Waiting for element to be present with locator: By.cssSelector: [title="Continue"]&amp#27;[m
&amp#27;[34m[INFO] - [09-07-2025 08:18:03] [main] [Pages.P01_LoginPage] - No session to terminate&amp#27;[m
&amp#27;[34m[INFO] - [09-07-2025 08:18:03] [main] [Pages.P01_LoginPage] - Asserting login with valid admin credentials&amp#27;[m
&amp#27;[34m[INFO] - [09-07-2025 08:18:03] [main] [Utilities.BrowserUtils] - Current URL is: https://192.168.2.90/paip/admin/users&amp#27;[m
&amp#27;[34m[INFO] - [09-07-2025 08:18:03] [main] [Utilities.SoftAssertActionsUtils] - Asserting page URL&amp#27;[m
&amp#27;[34m[INFO] - [09-07-2025 08:18:03] [main] [Utilities.SoftAssertActionsUtils] - Expected URL: https://192.168.2.90/paip/admin/users&amp#27;[m
&amp#27;[34m[INFO] - [09-07-2025 08:18:03] [main] [Utilities.SoftAssertActionsUtils] - Actual URL: https://192.168.2.90/paip/admin/users&amp#27;[m
&amp#27;[34m[INFO] - [09-07-2025 08:18:03] [main] [Utilities.WaitUtils] - Waiting for page to load with URL: https://192.168.2.90/paip/admin/users&amp#27;[m
&amp#27;[34m[INFO] - [09-07-2025 08:18:03] [main] [Utilities.SoftAssertUtils] - Asserting true&amp#27;[m
&amp#27;[34m[INFO] - [09-07-2025 08:18:03] [main] [Utilities.ScreenRecorderUtils] - Recording stopped&amp#27;[m
&amp#27;[31;1m[ERROR] - [09-07-2025 08:18:03] [main] [Utilities.ScreenRecorderUtils] - Error stopping screen recording: Cannot invoke "org.monte.screenrecorder.ScreenRecorder.stop()" because "Utilities.ScreenRecorderUtils.screenRecorder" is null&amp#27;[m
&amp#27;[34m[INFO] - [09-07-2025 08:18:04] [main] [Utilities.ScreenshotsUtils] - Screenshot taken: TestOutputs\Screenshots\passed-loginWithValidAdminCredentialsTC-2025-07-09_08-18-03.png&amp#27;[m
&amp#27;[34m[INFO] - [09-07-2025 08:18:04] [main] [Utilities.AllureUtils] - Screenshot attached to Allure report: TestOutputs\Screenshots\passed-loginWithValidAdminCredentialsTC-2025-07-09_08-18-03.png&amp#27;[m
&amp#27;[34m[INFO] - [09-07-2025 08:18:04] [main] [Utilities.AllureUtils] - Log file attached to Allure report: TestOutputs\Logs\log_2025-07-09_08-17-42.log&amp#27;[m
]]></system-out>
    <system-err><![CDATA[Jul 09, 2025 8:17:55 AM org.openqa.selenium.devtools.CdpVersionFinder findNearestMatch
WARNING: Unable to find an exact match for CDP version 138, returning the closest version; found: 135; Please update to a Selenium version that supports CDP version 138
]]></system-err>
  </testcase>
</testsuite>