<?xml version="1.0" encoding="UTF-8"?>
<!-- Generated by org.testng.reporters.JUnitReportReporter -->
<testsuite hostname="DESKTOP-S8RQRUM" failures="0" tests="2" name="Tests.TC01_LoginTest" time="107.584" errors="0" timestamp="2025-07-21T20:35:34 EEST" skipped="0">
  <testcase classname="Tests.TC01_LoginTest" name="loginWithValidAdminCredentialsTC" time="56.846"/>
  <testcase classname="Tests.TC01_LoginTest" name="loginWithValidAdminCredentialsTC" time="50.738"/>
</testsuite> <!-- Tests.TC01_LoginTest -->
