<?xml version="1.0" encoding="UTF-8"?>
<!-- Generated by org.testng.reporters.JUnitReportReporter -->
<testsuite hostname="DESKTOP-S8RQRUM" failures="0" tests="2" name="Tests.TC02_ProductsPage" time="15.026" errors="0" timestamp="2025-07-21T20:35:34 EEST" skipped="0">
  <testcase classname="Tests.TC02_ProductsPage" name="addProductsToCart" time="4.042"/>
  <testcase classname="Tests.TC02_ProductsPage" name="addProductsToCart" time="10.984"/>
</testsuite> <!-- Tests.TC02_ProductsPage -->
