<?xml version="1.0" encoding="UTF-8"?>
<!-- Generated by org.testng.reporters.JUnitReportReporter -->
<testsuite hostname="Mohmed-Adel" failures="0" tests="2" name="Tests.TC01_LoginTest" time="9.379" errors="0" timestamp="2025-07-14T14:56:28 EEST" skipped="0">
  <testcase classname="Tests.TC01_LoginTest" name="loginWithValidAdminCredentialsTC" time="4.723"/>
  <testcase classname="Tests.TC01_LoginTest" name="loginWithValidAdminCredentialsTC" time="4.656"/>
</testsuite> <!-- Tests.TC01_LoginTest -->
