<?xml version="1.0" encoding="UTF-8"?>
<!-- Generated by org.testng.reporters.JUnitReportReporter -->
<testsuite hostname="Mohmed-Adel" failures="0" tests="2" name="Tests.TC02_ProductsPage" time="8.407" errors="0" timestamp="2025-07-14T14:56:28 EEST" skipped="0">
  <testcase classname="Tests.TC02_ProductsPage" name="addProductsToCart" time="4.294"/>
  <testcase classname="Tests.TC02_ProductsPage" name="addProductsToCart" time="4.113"/>
</testsuite> <!-- Tests.TC02_ProductsPage -->
